<?xml version="1.0" encoding="UTF-8"?>
<!-- Generated by org.testng.reporters.JUnitXMLReporter -->
<testsuite ignored="0" hostname="A" failures="0" tests="3" name="Default test" time="12.26" errors="0" timestamp="2024-11-22T12:13:55 IST">
  <testcase classname="RESTAssuredAPIProject.APIAutomation.RESTAssuredTesting.DynamicJSONParse" name="addBook" time="11.164"/>
  <testcase classname="RESTAssuredAPIProject.APIAutomation.RESTAssuredTesting.DynamicJSONParse" name="addBook" time="0.397"/>
  <testcase classname="RESTAssuredAPIProject.APIAutomation.RESTAssuredTesting.DynamicJSONParse" name="addBook" time="0.366"/>
</testsuite> <!-- Default test -->
